<?xml version="1.0" encoding="UTF-8"?>
<robot generator="Robot 7.1 (Python 3.12.6 on win32)" generated="2024-09-18T13:41:36.351737" rpa="false" schemaversion="5">
<suite id="s1" name="Ping" source="c:\Users\ilias\OneDrive - Hämeen ammattikorkeakoulu\ping robotframework\ping.robot">
<test id="s1-t1" name="Read and Ping Webpages" line="13">
<kw name="Get File" owner="OperatingSystem">
<msg time="2024-09-18T13:41:36.407247" level="INFO" html="true">Getting file '&lt;a href="file://C:\Users\ilias\OneDrive - Hämeen ammattikorkeakoulu\ping robotframework\webpages.txt"&gt;C:\Users\ilias\OneDrive - Hämeen ammattikorkeakoulu\ping robotframework\webpages.txt&lt;/a&gt;'.</msg>
<msg time="2024-09-18T13:41:36.410242" level="INFO">${webpages_content} = www.whitehouse.gov
www.iltalehti.fi
best.aliexpress.com</msg>
<var>${webpages_content}</var>
<arg>${WEBPAGES_FILE}</arg>
<doc>Returns the contents of a specified file.</doc>
<status status="PASS" start="2024-09-18T13:41:36.406240" elapsed="0.005009"/>
</kw>
<kw name="Log To Console" owner="BuiltIn">
<arg>Content of webpages.txt:\n${webpages_content}</arg>
<doc>Logs the given message to the console.</doc>
<status status="PASS" start="2024-09-18T13:41:36.412470" elapsed="0.001000"/>
</kw>
<kw name="Split String" owner="String">
<msg time="2024-09-18T13:41:36.415464" level="INFO">${webpages} = ['www.whitehouse.gov', 'www.iltalehti.fi', 'best.aliexpress.com']</msg>
<var>${webpages}</var>
<arg>${webpages_content}</arg>
<arg>\n</arg>
<doc>Splits the ``string`` using ``separator`` as a delimiter string.</doc>
<status status="PASS" start="2024-09-18T13:41:36.414466" elapsed="0.000998"/>
</kw>
<kw name="Log To Console" owner="BuiltIn">
<arg>Split webpages:\n@{webpages}</arg>
<doc>Logs the given message to the console.</doc>
<status status="PASS" start="2024-09-18T13:41:36.416463" elapsed="0.000000"/>
</kw>
<for flavor="IN">
<iter>
<kw name="Log To Console" owner="BuiltIn">
<arg>Processing webpage: ${webpage}</arg>
<doc>Logs the given message to the console.</doc>
<status status="PASS" start="2024-09-18T13:41:36.417463" elapsed="0.001000"/>
</kw>
<kw name="Run Ping Test for Webpage">
<kw name="Log To Console" owner="BuiltIn">
<arg>Running ping for webpage: ${webpage}</arg>
<doc>Logs the given message to the console.</doc>
<status status="PASS" start="2024-09-18T13:41:36.419463" elapsed="0.000000"/>
</kw>
<kw name="Run Process" owner="Process">
<msg time="2024-09-18T13:41:36.422987" level="INFO">Starting process:
ping www.whitehouse.gov</msg>
<msg time="2024-09-18T13:41:36.436504" level="INFO">Waiting for process to complete.</msg>
<msg time="2024-09-18T13:41:39.545877" level="INFO">Process completed.</msg>
<msg time="2024-09-18T13:41:39.545877" level="INFO">${result} = &lt;result object with rc 0&gt;</msg>
<var>${result}</var>
<arg>${PING_COMMAND}</arg>
<arg>${webpage}</arg>
<arg>stdout=output.txt</arg>
<arg>stderr=stderr.txt</arg>
<arg>shell=True</arg>
<doc>Runs a process and waits for it to complete.</doc>
<status status="PASS" start="2024-09-18T13:41:36.419463" elapsed="3.127412"/>
</kw>
<kw name="Log To Console" owner="BuiltIn">
<arg>Ping command finished for ${webpage}, output saved to output.txt and stderr.txt</arg>
<doc>Logs the given message to the console.</doc>
<status status="PASS" start="2024-09-18T13:41:39.546875" elapsed="0.000996"/>
</kw>
<kw name="Parse Ping Results">
<kw name="Get File" owner="OperatingSystem">
<msg time="2024-09-18T13:41:39.549871" level="INFO" html="true">Getting file '&lt;a href="file://C:\Users\ilias\OneDrive - Hämeen ammattikorkeakoulu\ping robotframework\output.txt"&gt;C:\Users\ilias\OneDrive - Hämeen ammattikorkeakoulu\ping robotframework\output.txt&lt;/a&gt;'.</msg>
<msg time="2024-09-18T13:41:39.559379" level="INFO">${ping_output} = 
Pinging wh46.go-vip.net [192.0.66.168] with 32 bytes of data:
Reply from 192.0.66.168: bytes=32 time=211ms TTL=57
Reply from 192.0.66.168: bytes=32 time=19ms TTL=57
Reply from 192.0.66.168: bytes=32 ...</msg>
<var>${ping_output}</var>
<arg>output.txt</arg>
<doc>Returns the contents of a specified file.</doc>
<status status="PASS" start="2024-09-18T13:41:39.548917" elapsed="0.012052"/>
</kw>
<kw name="Log To Console" owner="BuiltIn">
<arg>Ping Output for ${webpage}:\n${ping_output}</arg>
<doc>Logs the given message to the console.</doc>
<status status="PASS" start="2024-09-18T13:41:39.560969" elapsed="0.003472"/>
</kw>
<kw name="Get Regexp Matches" owner="String">
<msg time="2024-09-18T13:41:39.565452" level="INFO">${ip_address} = ['[192.0.66.168]']</msg>
<var>${ip_address}</var>
<arg>${ping_output}</arg>
<arg>\\[([\\d\\.]+)\\]</arg>
<doc>Returns a list of all non-overlapping matches in the given string.</doc>
<status status="PASS" start="2024-09-18T13:41:39.565452" elapsed="0.000989"/>
</kw>
<kw name="Log To Console" owner="BuiltIn">
<arg>IP Address for ${webpage}: ${ip_address}</arg>
<doc>Logs the given message to the console.</doc>
<status status="PASS" start="2024-09-18T13:41:39.566441" elapsed="0.001000"/>
</kw>
<kw name="Get Regexp Matches" owner="String">
<msg time="2024-09-18T13:41:39.568443" level="INFO">${ping_times} = ['time=211ms', 'time=19ms', 'time=145ms', 'time=22ms']</msg>
<var>${ping_times}</var>
<arg>${ping_output}</arg>
<arg>time=([0-9]+)ms</arg>
<doc>Returns a list of all non-overlapping matches in the given string.</doc>
<status status="PASS" start="2024-09-18T13:41:39.567441" elapsed="0.001002"/>
</kw>
<kw name="Log To Console" owner="BuiltIn">
<arg>Ping Times for ${webpage}: ${ping_times}</arg>
<doc>Logs the given message to the console.</doc>
<status status="PASS" start="2024-09-18T13:41:39.568443" elapsed="0.000996"/>
</kw>
<kw name="Evaluate" owner="BuiltIn">
<msg time="2024-09-18T13:41:39.569439" level="INFO">${ping_times_numeric} = [211, 19, 145, 22]</msg>
<var>${ping_times_numeric}</var>
<arg>[int(s.replace('time=', '').replace('ms', '')) for s in ${ping_times}]</arg>
<doc>Evaluates the given expression in Python and returns the result.</doc>
<status status="PASS" start="2024-09-18T13:41:39.569439" elapsed="0.000000"/>
</kw>
<kw name="Log To Console" owner="BuiltIn">
<arg>Numeric Ping Times for ${webpage}: ${ping_times_numeric}</arg>
<doc>Logs the given message to the console.</doc>
<status status="PASS" start="2024-09-18T13:41:39.569439" elapsed="0.001509"/>
</kw>
<kw name="Evaluate" owner="BuiltIn">
<msg time="2024-09-18T13:41:39.570948" level="INFO">${average_ping_time} = 99.25</msg>
<var>${average_ping_time}</var>
<arg>sum(${ping_times_numeric}) / len(${ping_times_numeric})</arg>
<doc>Evaluates the given expression in Python and returns the result.</doc>
<status status="PASS" start="2024-09-18T13:41:39.570948" elapsed="0.001009"/>
</kw>
<kw name="Log To Console" owner="BuiltIn">
<arg>Average Ping Time for ${webpage}: ${average_ping_time} ms</arg>
<doc>Logs the given message to the console.</doc>
<status status="PASS" start="2024-09-18T13:41:39.571957" elapsed="0.001001"/>
</kw>
<kw name="Write Ping Result To File">
<kw name="Append To File" owner="OperatingSystem">
<msg time="2024-09-18T13:41:39.575962" level="INFO" html="true">Appended to file '&lt;a href="file://C:\Users\ilias\OneDrive - Hämeen ammattikorkeakoulu\ping robotframework\ping_results.txt"&gt;C:\Users\ilias\OneDrive - Hämeen ammattikorkeakoulu\ping robotframework\ping_results.txt&lt;/a&gt;'.</msg>
<arg>${OUTPUT_FILE}</arg>
<arg>Webpage: ${webpage}, IP: ${ip}, Avg Ping: ${avg_time} ms\n</arg>
<doc>Appends the given content to the specified file.</doc>
<status status="PASS" start="2024-09-18T13:41:39.574961" elapsed="0.001001"/>
</kw>
<kw name="Log To Console" owner="BuiltIn">
<arg>Written to file: Webpage: ${webpage}, IP: ${ip}, Avg Ping: ${avg_time} ms</arg>
<doc>Logs the given message to the console.</doc>
<status status="PASS" start="2024-09-18T13:41:39.576960" elapsed="0.002014"/>
</kw>
<arg>${webpage}</arg>
<arg>${ip_address[0]}</arg>
<arg>${average_ping_time}</arg>
<status status="PASS" start="2024-09-18T13:41:39.573970" elapsed="0.006011"/>
</kw>
<arg>${webpage}</arg>
<status status="PASS" start="2024-09-18T13:41:39.548917" elapsed="0.031064"/>
</kw>
<arg>${webpage}</arg>
<status status="PASS" start="2024-09-18T13:41:36.418463" elapsed="3.161518"/>
</kw>
<var name="${webpage}">www.whitehouse.gov</var>
<status status="PASS" start="2024-09-18T13:41:36.417463" elapsed="3.163509"/>
</iter>
<iter>
<kw name="Log To Console" owner="BuiltIn">
<arg>Processing webpage: ${webpage}</arg>
<doc>Logs the given message to the console.</doc>
<status status="PASS" start="2024-09-18T13:41:39.582233" elapsed="0.000998"/>
</kw>
<kw name="Run Ping Test for Webpage">
<kw name="Log To Console" owner="BuiltIn">
<arg>Running ping for webpage: ${webpage}</arg>
<doc>Logs the given message to the console.</doc>
<status status="PASS" start="2024-09-18T13:41:39.583231" elapsed="0.001003"/>
</kw>
<kw name="Run Process" owner="Process">
<msg time="2024-09-18T13:41:39.585230" level="INFO">Starting process:
ping www.iltalehti.fi</msg>
<msg time="2024-09-18T13:41:39.598222" level="INFO">Waiting for process to complete.</msg>
<msg time="2024-09-18T13:41:42.699401" level="INFO">Process completed.</msg>
<msg time="2024-09-18T13:41:42.700401" level="INFO">${result} = &lt;result object with rc 0&gt;</msg>
<var>${result}</var>
<arg>${PING_COMMAND}</arg>
<arg>${webpage}</arg>
<arg>stdout=output.txt</arg>
<arg>stderr=stderr.txt</arg>
<arg>shell=True</arg>
<doc>Runs a process and waits for it to complete.</doc>
<status status="PASS" start="2024-09-18T13:41:39.584234" elapsed="3.117174"/>
</kw>
<kw name="Log To Console" owner="BuiltIn">
<arg>Ping command finished for ${webpage}, output saved to output.txt and stderr.txt</arg>
<doc>Logs the given message to the console.</doc>
<status status="PASS" start="2024-09-18T13:41:42.701920" elapsed="0.001023"/>
</kw>
<kw name="Parse Ping Results">
<kw name="Get File" owner="OperatingSystem">
<msg time="2024-09-18T13:41:42.703961" level="INFO" html="true">Getting file '&lt;a href="file://C:\Users\ilias\OneDrive - Hämeen ammattikorkeakoulu\ping robotframework\output.txt"&gt;C:\Users\ilias\OneDrive - Hämeen ammattikorkeakoulu\ping robotframework\output.txt&lt;/a&gt;'.</msg>
<msg time="2024-09-18T13:41:42.724390" level="INFO">${ping_output} = 
Pinging d4dgdwhncmjfe.cloudfront.net [52.85.49.93] with 32 bytes of data:
Reply from 52.85.49.93: bytes=32 time=15ms TTL=247
Reply from 52.85.49.93: bytes=32 time=13ms TTL=247
Reply from 52.85.49.93:...</msg>
<var>${ping_output}</var>
<arg>output.txt</arg>
<doc>Returns the contents of a specified file.</doc>
<status status="PASS" start="2024-09-18T13:41:42.703961" elapsed="0.021433"/>
</kw>
<kw name="Log To Console" owner="BuiltIn">
<arg>Ping Output for ${webpage}:\n${ping_output}</arg>
<doc>Logs the given message to the console.</doc>
<status status="PASS" start="2024-09-18T13:41:42.725394" elapsed="0.004999"/>
</kw>
<kw name="Get Regexp Matches" owner="String">
<msg time="2024-09-18T13:41:42.733963" level="INFO">${ip_address} = ['[52.85.49.93]']</msg>
<var>${ip_address}</var>
<arg>${ping_output}</arg>
<arg>\\[([\\d\\.]+)\\]</arg>
<doc>Returns a list of all non-overlapping matches in the given string.</doc>
<status status="PASS" start="2024-09-18T13:41:42.731913" elapsed="0.004061"/>
</kw>
<kw name="Log To Console" owner="BuiltIn">
<arg>IP Address for ${webpage}: ${ip_address}</arg>
<doc>Logs the given message to the console.</doc>
<status status="PASS" start="2024-09-18T13:41:42.736972" elapsed="0.001989"/>
</kw>
<kw name="Get Regexp Matches" owner="String">
<msg time="2024-09-18T13:41:42.739959" level="INFO">${ping_times} = ['time=15ms', 'time=13ms', 'time=12ms', 'time=13ms']</msg>
<var>${ping_times}</var>
<arg>${ping_output}</arg>
<arg>time=([0-9]+)ms</arg>
<doc>Returns a list of all non-overlapping matches in the given string.</doc>
<status status="PASS" start="2024-09-18T13:41:42.739959" elapsed="0.001515"/>
</kw>
<kw name="Log To Console" owner="BuiltIn">
<arg>Ping Times for ${webpage}: ${ping_times}</arg>
<doc>Logs the given message to the console.</doc>
<status status="PASS" start="2024-09-18T13:41:42.741474" elapsed="0.002033"/>
</kw>
<kw name="Evaluate" owner="BuiltIn">
<msg time="2024-09-18T13:41:42.744535" level="INFO">${ping_times_numeric} = [15, 13, 12, 13]</msg>
<var>${ping_times_numeric}</var>
<arg>[int(s.replace('time=', '').replace('ms', '')) for s in ${ping_times}]</arg>
<doc>Evaluates the given expression in Python and returns the result.</doc>
<status status="PASS" start="2024-09-18T13:41:42.743507" elapsed="0.002029"/>
</kw>
<kw name="Log To Console" owner="BuiltIn">
<arg>Numeric Ping Times for ${webpage}: ${ping_times_numeric}</arg>
<doc>Logs the given message to the console.</doc>
<status status="PASS" start="2024-09-18T13:41:42.745536" elapsed="0.003994"/>
</kw>
<kw name="Evaluate" owner="BuiltIn">
<msg time="2024-09-18T13:41:42.751063" level="INFO">${average_ping_time} = 13.25</msg>
<var>${average_ping_time}</var>
<arg>sum(${ping_times_numeric}) / len(${ping_times_numeric})</arg>
<doc>Evaluates the given expression in Python and returns the result.</doc>
<status status="PASS" start="2024-09-18T13:41:42.750547" elapsed="0.001531"/>
</kw>
<kw name="Log To Console" owner="BuiltIn">
<arg>Average Ping Time for ${webpage}: ${average_ping_time} ms</arg>
<doc>Logs the given message to the console.</doc>
<status status="PASS" start="2024-09-18T13:41:42.752078" elapsed="0.001000"/>
</kw>
<kw name="Write Ping Result To File">
<kw name="Append To File" owner="OperatingSystem">
<msg time="2024-09-18T13:41:42.758093" level="INFO" html="true">Appended to file '&lt;a href="file://C:\Users\ilias\OneDrive - Hämeen ammattikorkeakoulu\ping robotframework\ping_results.txt"&gt;C:\Users\ilias\OneDrive - Hämeen ammattikorkeakoulu\ping robotframework\ping_results.txt&lt;/a&gt;'.</msg>
<arg>${OUTPUT_FILE}</arg>
<arg>Webpage: ${webpage}, IP: ${ip}, Avg Ping: ${avg_time} ms\n</arg>
<doc>Appends the given content to the specified file.</doc>
<status status="PASS" start="2024-09-18T13:41:42.756088" elapsed="0.002005"/>
</kw>
<kw name="Log To Console" owner="BuiltIn">
<arg>Written to file: Webpage: ${webpage}, IP: ${ip}, Avg Ping: ${avg_time} ms</arg>
<doc>Logs the given message to the console.</doc>
<status status="PASS" start="2024-09-18T13:41:42.758093" elapsed="0.002006"/>
</kw>
<arg>${webpage}</arg>
<arg>${ip_address[0]}</arg>
<arg>${average_ping_time}</arg>
<status status="PASS" start="2024-09-18T13:41:42.754094" elapsed="0.006996"/>
</kw>
<arg>${webpage}</arg>
<status status="PASS" start="2024-09-18T13:41:42.703961" elapsed="0.057129"/>
</kw>
<arg>${webpage}</arg>
<status status="PASS" start="2024-09-18T13:41:39.583231" elapsed="3.177859"/>
</kw>
<var name="${webpage}">www.iltalehti.fi</var>
<status status="PASS" start="2024-09-18T13:41:39.580972" elapsed="3.180631"/>
</iter>
<iter>
<kw name="Log To Console" owner="BuiltIn">
<arg>Processing webpage: ${webpage}</arg>
<doc>Logs the given message to the console.</doc>
<status status="PASS" start="2024-09-18T13:41:42.761603" elapsed="0.002029"/>
</kw>
<kw name="Run Ping Test for Webpage">
<kw name="Log To Console" owner="BuiltIn">
<arg>Running ping for webpage: ${webpage}</arg>
<doc>Logs the given message to the console.</doc>
<status status="PASS" start="2024-09-18T13:41:42.769165" elapsed="0.000999"/>
</kw>
<kw name="Run Process" owner="Process">
<msg time="2024-09-18T13:41:42.772543" level="INFO">Starting process:
ping best.aliexpress.com</msg>
<msg time="2024-09-18T13:41:42.788249" level="INFO">Waiting for process to complete.</msg>
<msg time="2024-09-18T13:41:45.967786" level="INFO">Process completed.</msg>
<msg time="2024-09-18T13:41:45.968775" level="INFO">${result} = &lt;result object with rc 0&gt;</msg>
<var>${result}</var>
<arg>${PING_COMMAND}</arg>
<arg>${webpage}</arg>
<arg>stdout=output.txt</arg>
<arg>stderr=stderr.txt</arg>
<arg>shell=True</arg>
<doc>Runs a process and waits for it to complete.</doc>
<status status="PASS" start="2024-09-18T13:41:42.771164" elapsed="3.197611"/>
</kw>
<kw name="Log To Console" owner="BuiltIn">
<arg>Ping command finished for ${webpage}, output saved to output.txt and stderr.txt</arg>
<doc>Logs the given message to the console.</doc>
<status status="PASS" start="2024-09-18T13:41:45.969788" elapsed="0.001485"/>
</kw>
<kw name="Parse Ping Results">
<kw name="Get File" owner="OperatingSystem">
<msg time="2024-09-18T13:41:45.973291" level="INFO" html="true">Getting file '&lt;a href="file://C:\Users\ilias\OneDrive - Hämeen ammattikorkeakoulu\ping robotframework\output.txt"&gt;C:\Users\ilias\OneDrive - Hämeen ammattikorkeakoulu\ping robotframework\output.txt&lt;/a&gt;'.</msg>
<msg time="2024-09-18T13:41:45.989588" level="INFO">${ping_output} = 
Pinging e11956.x.akamaiedge.net [23.52.21.157] with 32 bytes of data:
Reply from 23.52.21.157: bytes=32 time=22ms TTL=54
Reply from 23.52.21.157: bytes=32 time=18ms TTL=54
Reply from 23.52.21.157: by...</msg>
<var>${ping_output}</var>
<arg>output.txt</arg>
<doc>Returns the contents of a specified file.</doc>
<status status="PASS" start="2024-09-18T13:41:45.972294" elapsed="0.017294"/>
</kw>
<kw name="Log To Console" owner="BuiltIn">
<arg>Ping Output for ${webpage}:\n${ping_output}</arg>
<doc>Logs the given message to the console.</doc>
<status status="PASS" start="2024-09-18T13:41:45.989588" elapsed="0.004549"/>
</kw>
<kw name="Get Regexp Matches" owner="String">
<msg time="2024-09-18T13:41:45.995139" level="INFO">${ip_address} = ['[23.52.21.157]']</msg>
<var>${ip_address}</var>
<arg>${ping_output}</arg>
<arg>\\[([\\d\\.]+)\\]</arg>
<doc>Returns a list of all non-overlapping matches in the given string.</doc>
<status status="PASS" start="2024-09-18T13:41:45.994137" elapsed="0.001002"/>
</kw>
<kw name="Log To Console" owner="BuiltIn">
<arg>IP Address for ${webpage}: ${ip_address}</arg>
<doc>Logs the given message to the console.</doc>
<status status="PASS" start="2024-09-18T13:41:45.996148" elapsed="0.001983"/>
</kw>
<kw name="Get Regexp Matches" owner="String">
<msg time="2024-09-18T13:41:45.999137" level="INFO">${ping_times} = ['time=22ms', 'time=18ms', 'time=17ms', 'time=17ms']</msg>
<var>${ping_times}</var>
<arg>${ping_output}</arg>
<arg>time=([0-9]+)ms</arg>
<doc>Returns a list of all non-overlapping matches in the given string.</doc>
<status status="PASS" start="2024-09-18T13:41:45.999137" elapsed="0.000994"/>
</kw>
<kw name="Log To Console" owner="BuiltIn">
<arg>Ping Times for ${webpage}: ${ping_times}</arg>
<doc>Logs the given message to the console.</doc>
<status status="PASS" start="2024-09-18T13:41:46.000131" elapsed="0.000998"/>
</kw>
<kw name="Evaluate" owner="BuiltIn">
<msg time="2024-09-18T13:41:46.002669" level="INFO">${ping_times_numeric} = [22, 18, 17, 17]</msg>
<var>${ping_times_numeric}</var>
<arg>[int(s.replace('time=', '').replace('ms', '')) for s in ${ping_times}]</arg>
<doc>Evaluates the given expression in Python and returns the result.</doc>
<status status="PASS" start="2024-09-18T13:41:46.001645" elapsed="0.001024"/>
</kw>
<kw name="Log To Console" owner="BuiltIn">
<arg>Numeric Ping Times for ${webpage}: ${ping_times_numeric}</arg>
<doc>Logs the given message to the console.</doc>
<status status="PASS" start="2024-09-18T13:41:46.003734" elapsed="0.001017"/>
</kw>
<kw name="Evaluate" owner="BuiltIn">
<msg time="2024-09-18T13:41:46.005748" level="INFO">${average_ping_time} = 18.5</msg>
<var>${average_ping_time}</var>
<arg>sum(${ping_times_numeric}) / len(${ping_times_numeric})</arg>
<doc>Evaluates the given expression in Python and returns the result.</doc>
<status status="PASS" start="2024-09-18T13:41:46.004751" elapsed="0.000997"/>
</kw>
<kw name="Log To Console" owner="BuiltIn">
<arg>Average Ping Time for ${webpage}: ${average_ping_time} ms</arg>
<doc>Logs the given message to the console.</doc>
<status status="PASS" start="2024-09-18T13:41:46.006749" elapsed="0.000000"/>
</kw>
<kw name="Write Ping Result To File">
<kw name="Append To File" owner="OperatingSystem">
<msg time="2024-09-18T13:41:46.012305" level="INFO" html="true">Appended to file '&lt;a href="file://C:\Users\ilias\OneDrive - Hämeen ammattikorkeakoulu\ping robotframework\ping_results.txt"&gt;C:\Users\ilias\OneDrive - Hämeen ammattikorkeakoulu\ping robotframework\ping_results.txt&lt;/a&gt;'.</msg>
<arg>${OUTPUT_FILE}</arg>
<arg>Webpage: ${webpage}, IP: ${ip}, Avg Ping: ${avg_time} ms\n</arg>
<doc>Appends the given content to the specified file.</doc>
<status status="PASS" start="2024-09-18T13:41:46.009748" elapsed="0.003549"/>
</kw>
<kw name="Log To Console" owner="BuiltIn">
<arg>Written to file: Webpage: ${webpage}, IP: ${ip}, Avg Ping: ${avg_time} ms</arg>
<doc>Logs the given message to the console.</doc>
<status status="PASS" start="2024-09-18T13:41:46.013297" elapsed="0.002013"/>
</kw>
<arg>${webpage}</arg>
<arg>${ip_address[0]}</arg>
<arg>${average_ping_time}</arg>
<status status="PASS" start="2024-09-18T13:41:46.007749" elapsed="0.007561"/>
</kw>
<arg>${webpage}</arg>
<status status="PASS" start="2024-09-18T13:41:45.972294" elapsed="0.043016"/>
</kw>
<arg>${webpage}</arg>
<status status="PASS" start="2024-09-18T13:41:42.763632" elapsed="3.251678"/>
</kw>
<var name="${webpage}">best.aliexpress.com</var>
<status status="PASS" start="2024-09-18T13:41:42.761603" elapsed="3.254707"/>
</iter>
<var>${webpage}</var>
<value>@{webpages}</value>
<status status="PASS" start="2024-09-18T13:41:36.417463" elapsed="9.598847"/>
</for>
<doc>Read a list of webpages, ping them, and analyze the response times.</doc>
<status status="PASS" start="2024-09-18T13:41:36.405240" elapsed="9.612073"/>
</test>
<status status="PASS" start="2024-09-18T13:41:36.359927" elapsed="9.658382"/>
</suite>
<statistics>
<total>
<stat pass="1" fail="0" skip="0">All Tests</stat>
</total>
<tag>
</tag>
<suite>
<stat pass="1" fail="0" skip="0" id="s1" name="Ping">Ping</stat>
</suite>
</statistics>
<errors>
</errors>
</robot>
